<?xml version="1.0" encoding="UTF-8"?>
<!-- Generated by org.testng.reporters.JUnitXMLReporter -->
<testsuite hostname="DESKTOP-AEJL1M7" ignored="0" name="Nopackage" tests="2" failures="2" timestamp="26 Sep 2021 16:44:55 GMT" time="14.669" errors="0">
  <testcase name="runScenario" time="9.13" classname="io.cucumber.testng.AbstractTestNGCucumberTests">
    <failure type="java.lang.Error" message="Unresolved compilation problems: 
	Syntax error, insert &amp;quot;VariableDeclarators&amp;quot; to complete LocalVariableDeclaration
	Syntax error, insert &amp;quot;;&amp;quot; to complete BlockStatements
">
      <![CDATA[java.lang.Error: Unresolved compilation problems: 
Syntax error, insert "VariableDeclarators" to complete LocalVariableDeclaration
Syntax error, insert ";" to complete BlockStatements

at com.stepdefinition.NewAccountSteps.user_click_on_create_a_new_amazon_account(NewAccountSteps.java:31)
at ✽.user click on create a new amazon account(file:///C:/Users/Ummul%20Oara%20Mukta/eclipse-workspace/FixitAutomation/Feature/CreateNewaccount.feature:8)
]]>
    </failure>
  </testcase> <!-- runScenario -->
  <testcase name="runScenario" time="4.701" classname="io.cucumber.testng.AbstractTestNGCucumberTests">
    <failure type="java.lang.Error" message="Unresolved compilation problems: 
	Syntax error, insert &amp;quot;VariableDeclarators&amp;quot; to complete LocalVariableDeclaration
	Syntax error, insert &amp;quot;;&amp;quot; to complete BlockStatements
">
      <![CDATA[java.lang.Error: Unresolved compilation problems: 
Syntax error, insert "VariableDeclarators" to complete LocalVariableDeclaration
Syntax error, insert ";" to complete BlockStatements

at com.stepdefinition.NewAccountSteps.user_click_on_create_a_new_amazon_account(NewAccountSteps.java:31)
at ✽.user click on create a new amazon account(file:///C:/Users/Ummul%20Oara%20Mukta/eclipse-workspace/FixitAutomation/Feature/CreateNewaccount.feature:8)
]]>
    </failure>
  </testcase> <!-- runScenario -->
</testsuite> <!-- Nopackage -->
